c:\users\a\desktop\c++实训\planegamecode\planegame\debug\planegame.pch
c:\users\a\desktop\c++实训\planegamecode\planegame\debug\vc120.pdb
c:\users\a\desktop\c++实训\planegamecode\planegame\debug\vc120.idb
c:\users\a\desktop\c++实训\planegamecode\planegame\debug\stdafx.obj
c:\users\a\desktop\c++实训\planegamecode\planegame\debug\ball.obj
c:\users\a\desktop\c++实训\planegamecode\planegame\debug\bomb.obj
c:\users\a\desktop\c++实训\planegamecode\planegame\debug\enemy.obj
c:\users\a\desktop\c++实训\planegamecode\planegame\debug\explosion.obj
c:\users\a\desktop\c++实训\planegamecode\planegame\debug\gameobject.obj
c:\users\a\desktop\c++实训\planegamecode\planegame\debug\mainfrm.obj
c:\users\a\desktop\c++实训\planegamecode\planegame\debug\myplane.obj
c:\users\a\desktop\c++实训\planegamecode\planegame\debug\planegame.obj
c:\users\a\desktop\c++实训\planegamecode\planegame\debug\planegamedoc.obj
c:\users\a\desktop\c++实训\planegamecode\planegame\debug\planegameview.obj
c:\users\a\desktop\c++实训\planegamecode\planegame\debug\wzdsplash.obj
c:\users\a\desktop\c++实训\planegamecode\planegame\debug\people.obj
c:\users\a\desktop\c++实训\planegamecode\planegame\debug\boss.obj
c:\users\a\desktop\c++实训\planegamecode\debug\planegame.ilk
c:\users\a\desktop\c++实训\planegamecode\debug\planegame.exe
c:\users\a\desktop\c++实训\planegamecode\debug\planegame.pdb
c:\users\a\desktop\c++实训\planegamecode\planegame\debug\planegame.res
c:\users\a\desktop\c++实训\planegamecode\planegame\debug\planegame.tlog\cl.command.1.tlog
c:\users\a\desktop\c++实训\planegamecode\planegame\debug\planegame.tlog\cl.read.1.tlog
c:\users\a\desktop\c++实训\planegamecode\planegame\debug\planegame.tlog\cl.write.1.tlog
c:\users\a\desktop\c++实训\planegamecode\planegame\debug\planegame.tlog\link.command.1.tlog
c:\users\a\desktop\c++实训\planegamecode\planegame\debug\planegame.tlog\link.read.1.tlog
c:\users\a\desktop\c++实训\planegamecode\planegame\debug\planegame.tlog\link.write.1.tlog
c:\users\a\desktop\c++实训\planegamecode\planegame\debug\planegame.tlog\rc.command.1.tlog
c:\users\a\desktop\c++实训\planegamecode\planegame\debug\planegame.tlog\rc.read.1.tlog
c:\users\a\desktop\c++实训\planegamecode\planegame\debug\planegame.tlog\rc.write.1.tlog
